Unity Editor version:    2021.3.30f1 (b4360d7cdac4)
Branch:                  2021.3/staging
Build type:              Release
Batch mode:              YES
System name:             Linux
Distro version:          #93~20.04.1-Ubuntu SMP Wed Sep 6 16:15:40 UTC 2023
Kernel version:          5.15.0-84-generic
Architecture:            x86_64
Available memory:        7817 MB
Using pre-set license
Pro License: YES
Desktop is 1920 x 1080 @ 60 Hz
Initialize udev device monitor.

COMMAND LINE ARGUMENTS:
Unity
-adb2
-batchMode
-noUpm
-name
AssetImportWorker1
-projectPath
/home/hoanghuyen/unity-2d-Platformer-Sunny-Land
-logFile
Logs/AssetImportWorker1.log
-srvPort
33235
Successfully changed project path to: /home/hoanghuyen/unity-2d-Platformer-Sunny-Land
/home/hoanghuyen/unity-2d-Platformer-Sunny-Land
[UnityMemory] Configuration Parameters - Can be set up in boot.config
    "memorysetup-bucket-allocator-granularity=16"
    "memorysetup-bucket-allocator-bucket-count=8"
    "memorysetup-bucket-allocator-block-size=33554432"
    "memorysetup-bucket-allocator-block-count=8"
    "memorysetup-main-allocator-block-size=16777216"
    "memorysetup-thread-allocator-block-size=16777216"
    "memorysetup-gfx-main-allocator-block-size=16777216"
    "memorysetup-gfx-thread-allocator-block-size=16777216"
    "memorysetup-cache-allocator-block-size=4194304"
    "memorysetup-typetree-allocator-block-size=2097152"
    "memorysetup-profiler-bucket-allocator-granularity=16"
    "memorysetup-profiler-bucket-allocator-bucket-count=8"
    "memorysetup-profiler-bucket-allocator-block-size=33554432"
    "memorysetup-profiler-bucket-allocator-block-count=8"
    "memorysetup-profiler-allocator-block-size=16777216"
    "memorysetup-profiler-editor-allocator-block-size=1048576"
    "memorysetup-temp-allocator-size-main=16777216"
    "memorysetup-job-temp-allocator-block-size=2097152"
    "memorysetup-job-temp-allocator-block-size-background=1048576"
    "memorysetup-job-temp-allocator-reduction-small-platforms=262144"
    "memorysetup-temp-allocator-size-background-worker=32768"
    "memorysetup-temp-allocator-size-job-worker=262144"
    "memorysetup-temp-allocator-size-preload-manager=33554432"
    "memorysetup-temp-allocator-size-nav-mesh-worker=65536"
    "memorysetup-temp-allocator-size-audio-worker=65536"
    "memorysetup-temp-allocator-size-cloud-worker=32768"
    "memorysetup-temp-allocator-size-gi-baking-worker=262144"
    "memorysetup-temp-allocator-size-gfx=262144"
Player connection [140670403281792] Host "[IP] 192.168.0.102 [Port] 0 [Flags] 2 [Guid] 2943696369 [EditorId] 2943696369 [Version] 1048832 [Id] LinuxEditor(16,192.168.0.102) [Debug] 1 [PackageName] LinuxEditor [ProjectName] Editor" joined multi-casting on [225.0.0.222:54997]...

Player connection [140670403281792] Host "[IP] 192.168.0.102 [Port] 0 [Flags] 2 [Guid] 2943696369 [EditorId] 2943696369 [Version] 1048832 [Id] LinuxEditor(16,192.168.0.102) [Debug] 1 [PackageName] LinuxEditor [ProjectName] Editor" joined alternative multi-casting on [225.0.0.222:34997]...

[Physics::Module] Initialized MultithreadedJobDispatcher with {0} workers.
Refreshing native plugins compatible for Editor in 64,52 ms, found 0 plugins.
Preloading 0 native plugins for Editor in 0,00 ms.
Initialize engine version: 2021.3.30f1 (b4360d7cdac4)
[Subsystems] Discovering subsystems at path /home/hoanghuyen/Unity/Hub/Editor/2021.3.30f1/Editor/Data/Resources/UnitySubsystems
[Subsystems] Discovering subsystems at path /home/hoanghuyen/unity-2d-Platformer-Sunny-Land/Assets
GLX Extensions: GLX_ARB_create_context GLX_ARB_create_context_no_error GLX_ARB_create_context_profile GLX_ARB_create_context_robustness GLX_ARB_fbconfig_float GLX_ARB_framebuffer_sRGB GLX_ARB_get_proc_address GLX_ARB_multisample GLX_EXT_buffer_age GLX_EXT_create_context_es2_profile GLX_EXT_create_context_es_profile GLX_EXT_fbconfig_packed_float GLX_EXT_framebuffer_sRGB GLX_EXT_import_context GLX_EXT_no_config_context GLX_EXT_swap_control GLX_EXT_swap_control_tear GLX_EXT_texture_from_pixmap GLX_EXT_visual_info GLX_EXT_visual_rating GLX_INTEL_swap_event GLX_MESA_copy_sub_buffer GLX_MESA_query_renderer GLX_MESA_swap_control GLX_OML_swap_method GLX_OML_sync_control GLX_SGIS_multisample GLX_SGIX_fbconfig GLX_SGIX_pbuffer GLX_SGIX_visual_select_group GLX_SGI_make_current_read GLX_SGI_swap_control GLX_SGI_video_sync 
Renderer: Mesa Intel(R) UHD Graphics 620 (KBL GT2)
Vendor:   Intel
Version:  4.6 (Core Profile) Mesa 21.2.6
GLES:     0
 GL_3DFX_texture_compression_FXT1 GL_AMD_conservative_depth GL_AMD_depth_clamp_separate GL_AMD_draw_buffers_blend GL_AMD_gpu_shader_int64 GL_AMD_multi_draw_indirect GL_AMD_performance_monitor GL_AMD_pinned_memory GL_AMD_query_buffer_object GL_AMD_seamless_cubemap_per_texture GL_AMD_shader_stencil_export GL_AMD_shader_trinary_minmax GL_AMD_texture_texture4 GL_AMD_vertex_shader_layer GL_AMD_vertex_shader_viewport_index GL_ANGLE_texture_compression_dxt3 GL_ANGLE_texture_compression_dxt5 GL_ARB_ES2_compatibility GL_ARB_ES3_1_compatibility GL_ARB_ES3_2_compatibility GL_ARB_ES3_compatibility GL_ARB_arrays_of_arrays GL_ARB_base_instance GL_ARB_blend_func_extended GL_ARB_buffer_storage GL_ARB_clear_buffer_object GL_ARB_clear_texture GL_ARB_clip_control GL_ARB_compressed_texture_pixel_storage GL_ARB_compute_shader GL_ARB_compute_variable_group_size GL_ARB_conditional_render_inverted GL_ARB_conservative_depth GL_ARB_copy_buffer GL_ARB_copy_image GL_ARB_cull_distance GL_ARB_debug_output GL_ARB_depth_buffer_float GL_ARB
_depth_clamp GL_ARB_derivative_control GL_ARB_direct_state_access GL_ARB_draw_buffers GL_ARB_draw_buffers_blend GL_ARB_draw_elements_base_vertex GL_ARB_draw_indirect GL_ARB_draw_instanced GL_ARB_enhanced_layouts GL_ARB_explicit_attrib_location GL_ARB_explicit_uniform_location GL_ARB_fragment_coord_conventions GL_ARB_fragment_layer_viewport GL_ARB_fragment_shader GL_ARB_fragment_shader_interlock GL_ARB_framebuffer_no_attachments GL_ARB_framebuffer_object GL_ARB_framebuffer_sRGB GL_ARB_get_program_binary GL_ARB_get_texture_sub_image GL_ARB_gl_spirv GL_ARB_gpu_shader5 GL_ARB_gpu_shader_fp64 GL_ARB_gpu_shader_int64 GL_ARB_half_float_pixel GL_ARB_half_float_vertex GL_ARB_indirect_parameters GL_ARB_instanced_arrays GL_ARB_internalformat_query GL_ARB_internalformat_query2 GL_ARB_invalidate_subdata GL_ARB_map_buffer_alignment GL_ARB_map_buffer_range GL_ARB_multi_bind GL_ARB_multi_draw_indirect GL_ARB_occlusion_query2 GL_ARB_parallel_shader_compile GL_ARB_pipeline_statistics_query GL_ARB_pixel_buffer_object GL_ARB_po
int_sprite GL_ARB_polygon_offset_clamp GL_ARB_post_depth_coverage GL_ARB_program_interface_query GL_ARB_provoking_vertex GL_ARB_query_buffer_object GL_ARB_robust_buffer_access_behavior GL_ARB_robustness GL_ARB_sample_shading GL_ARB_sampler_objects GL_ARB_seamless_cube_map GL_ARB_seamless_cubemap_per_texture GL_ARB_separate_shader_objects GL_ARB_shader_atomic_counter_ops GL_ARB_shader_atomic_counters GL_ARB_shader_ballot GL_ARB_shader_bit_encoding GL_ARB_shader_clock GL_ARB_shader_draw_parameters GL_ARB_shader_group_vote GL_ARB_shader_image_load_store GL_ARB_shader_image_size GL_ARB_shader_objects GL_ARB_shader_precision GL_ARB_shader_stencil_export GL_ARB_shader_storage_buffer_object GL_ARB_shader_subroutine GL_ARB_shader_texture_image_samples GL_ARB_shader_texture_lod GL_ARB_shader_viewport_layer_array GL_ARB_shading_language_420pack GL_ARB_shading_language_include GL_ARB_shading_language_packing GL_ARB_spirv_extensions GL_ARB_stencil_texturing GL_ARB_sync GL_ARB_tessellation_shader GL_ARB_texture_barrier G
L_ARB_texture_buffer_object GL_ARB_texture_buffer_object_rgb32 GL_ARB_texture_buffer_range GL_ARB_texture_compression_bptc GL_ARB_texture_compression_rgtc GL_ARB_texture_cube_map_array GL_ARB_texture_filter_anisotropic GL_ARB_texture_float GL_ARB_texture_gather GL_ARB_texture_mirror_clamp_to_edge GL_ARB_texture_multisample GL_ARB_texture_non_power_of_two GL_ARB_texture_query_levels GL_ARB_texture_query_lod GL_ARB_texture_rectangle GL_ARB_texture_rg GL_ARB_texture_rgb10_a2ui GL_ARB_texture_stencil8 GL_ARB_texture_storage GL_ARB_texture_storage_multisample GL_ARB_texture_swizzle GL_ARB_texture_view GL_ARB_timer_query GL_ARB_transform_feedback2 GL_ARB_transform_feedback3 GL_ARB_transform_feedback_instanced GL_ARB_transform_feedback_overflow_query GL_ARB_uniform_buffer_object GL_ARB_vertex_array_bgra GL_ARB_vertex_array_object GL_ARB_vertex_attrib_64bit GL_ARB_vertex_attrib_binding GL_ARB_vertex_buffer_object GL_ARB_vertex_shader GL_ARB_vertex_type_10f_11f_11f_rev GL_ARB_vertex_type_2_10_10_10_rev GL_ARB_viewpor
t_array GL_ATI_blend_equation_separate GL_ATI_texture_float GL_EXT_EGL_image_storage GL_EXT_EGL_sync GL_EXT_abgr GL_EXT_blend_equation_separate GL_EXT_demote_to_helper_invocation GL_EXT_draw_buffers2 GL_EXT_draw_instanced GL_EXT_framebuffer_blit GL_EXT_framebuffer_multisample GL_EXT_framebuffer_multisample_blit_scaled GL_EXT_framebuffer_object GL_EXT_framebuffer_sRGB GL_EXT_memory_object GL_EXT_memory_object_fd GL_EXT_packed_depth_stencil GL_EXT_packed_float GL_EXT_pixel_buffer_object GL_EXT_polygon_offset_clamp GL_EXT_provoking_vertex GL_EXT_semaphore GL_EXT_semaphore_fd GL_EXT_shader_framebuffer_fetch GL_EXT_shader_framebuffer_fetch_non_coherent GL_EXT_shader_integer_mix GL_EXT_shader_samples_identical GL_EXT_texture_array GL_EXT_texture_compression_dxt1 GL_EXT_texture_compression_rgtc GL_EXT_texture_compression_s3tc GL_EXT_texture_filter_anisotropic GL_EXT_texture_integer GL_EXT_texture_sRGB GL_EXT_texture_sRGB_R8 GL_EXT_texture_sRGB_decode GL_EXT_texture_shadow_lod GL_EXT_texture_shared_exponent GL_EXT_t
exture_snorm GL_EXT_texture_swizzle GL_EXT_timer_query GL_EXT_transform_feedback GL_EXT_vertex_array_bgra GL_EXT_vertex_attrib_64bit GL_IBM_multimode_draw_arrays GL_INTEL_blackhole_render GL_INTEL_conservative_rasterization GL_INTEL_performance_query GL_INTEL_shader_atomic_float_minmax GL_INTEL_shader_integer_functions2 GL_KHR_blend_equation_advanced GL_KHR_blend_equation_advanced_coherent GL_KHR_context_flush_control GL_KHR_debug GL_KHR_no_error GL_KHR_parallel_shader_compile GL_KHR_robust_buffer_access_behavior GL_KHR_robustness GL_KHR_texture_compression_astc_ldr GL_KHR_texture_compression_astc_sliced_3d GL_MESA_framebuffer_flip_y GL_MESA_pack_invert GL_MESA_shader_integer_functions GL_MESA_texture_signed_rgba GL_NV_compute_shader_derivatives GL_NV_conditional_render GL_NV_copy_image GL_NV_depth_clamp GL_NV_fragment_shader_interlock GL_NV_packed_depth_stencil GL_NV_texture_barrier GL_OES_EGL_image GL_S3_s3tc
OPENGL LOG: Creating OpenGL 4.6 graphics device ; Context level  <OpenGL 4.5> ; Context handle -1127366640
Initialize mono
Mono path[0] = '/home/hoanghuyen/Unity/Hub/Editor/2021.3.30f1/Editor/Data/Managed'
Mono path[1] = '/home/hoanghuyen/Unity/Hub/Editor/2021.3.30f1/Editor/Data/MonoBleedingEdge/lib/mono/unityjit-linux'
Mono config path = '/home/hoanghuyen/Unity/Hub/Editor/2021.3.30f1/Editor/Data/MonoBleedingEdge/etc'
Using monoOptions --debugger-agent=transport=dt_socket,embedding=1,server=y,suspend=n,address=127.0.0.1:56527
Begin MonoManager ReloadAssembly
Registering precompiled unity dll's ...
Register platform support module: /home/hoanghuyen/Unity/Hub/Editor/2021.3.30f1/Editor/Data/PlaybackEngines/LinuxStandaloneSupport/UnityEditor.LinuxStandalone.Extensions.dll
Registered in 0,016162 seconds.
Native extension for LinuxStandalone target not found
Refreshing native plugins compatible for Editor in 74,52 ms, found 0 plugins.
Preloading 0 native plugins for Editor in 0,00 ms.
Mono: successfully reloaded assembly
- Completed reload, in  1,115 seconds
Domain Reload Profiling:
	ReloadAssembly (1115ms)
		BeginReloadAssembly (96ms)
			ExecutionOrderSort (0ms)
			DisableScriptedObjects (0ms)
			BackupInstance (0ms)
			ReleaseScriptingObjects (0ms)
			CreateAndSetChildDomain (1ms)
		EndReloadAssembly (820ms)
			LoadAssemblies (94ms)
			RebuildTransferFunctionScriptingTraits (0ms)
			SetupTypeCache (200ms)
			ReleaseScriptCaches (0ms)
			RebuildScriptCaches (79ms)
			SetupLoadedEditorAssemblies (454ms)
				LogAssemblyErrors (0ms)
				InitializePlatformSupportModulesInManaged (16ms)
				SetLoadedEditorAssemblies (1ms)
				RefreshPlugins (75ms)
				BeforeProcessingInitializeOnLoad (2ms)
				ProcessInitializeOnLoadAttributes (284ms)
				ProcessInitializeOnLoadMethodAttributes (76ms)
				AfterProcessingInitializeOnLoad (0ms)
				EditorAssembliesLoaded (0ms)
			ExecutionOrderSort2 (0ms)
			AwakeInstancesAfterBackupRestoration (0ms)
Platform modules already initialized, skipping
Registering precompiled user dll's ...
Registered in 0,002991 seconds.
Begin MonoManager ReloadAssembly
Symbol file LoadedFromMemory is not a mono symbol file
Native extension for LinuxStandalone target not found
Refreshing native plugins compatible for Editor in 0,83 ms, found 0 plugins.
Preloading 0 native plugins for Editor in 0,00 ms.
Package Manager log level set to [2]
[Package Manager] Server::EnsureServerProcessIsRunning -- launch failed, reason: Unity was launched with the -noUpm command-line argument
[Package Manager] Cannot connect to Unity Package Manager local server
Mono: successfully reloaded assembly
- Completed reload, in  2,056 seconds
Domain Reload Profiling:
	ReloadAssembly (2057ms)
		BeginReloadAssembly (182ms)
			ExecutionOrderSort (0ms)
			DisableScriptedObjects (9ms)
			BackupInstance (0ms)
			ReleaseScriptingObjects (0ms)
			CreateAndSetChildDomain (37ms)
		EndReloadAssembly (1666ms)
			LoadAssemblies (114ms)
			RebuildTransferFunctionScriptingTraits (0ms)
			SetupTypeCache (416ms)
			ReleaseScriptCaches (1ms)
			RebuildScriptCaches (106ms)
			SetupLoadedEditorAssemblies (945ms)
				LogAssemblyErrors (0ms)
				InitializePlatformSupportModulesInManaged (12ms)
				SetLoadedEditorAssemblies (1ms)
				RefreshPlugins (1ms)
				BeforeProcessingInitializeOnLoad (112ms)
				ProcessInitializeOnLoadAttributes (486ms)
				ProcessInitializeOnLoadMethodAttributes (321ms)
				AfterProcessingInitializeOnLoad (12ms)
				EditorAssembliesLoaded (0ms)
			ExecutionOrderSort2 (0ms)
			AwakeInstancesAfterBackupRestoration (11ms)
Platform modules already initialized, skipping
========================================================================
Worker process is ready to serve import requests
Launched and connected shader compiler UnityShaderCompiler after 0.02 seconds
Refreshing native plugins compatible for Editor in 2,09 ms, found 0 plugins.
Preloading 0 native plugins for Editor in 0,00 ms.
Unloading 2558 Unused Serialized files (Serialized files now loaded: 0)
Unloading 63 unused Assets / (109,8 KB). Loaded Objects now: 3001.
Memory consumption went from 93,9 MB to 93,8 MB.
Total: 15,185008 ms (FindLiveObjects: 0,268881 ms CreateObjectMapping: 0,187153 ms MarkObjects: 14,399314 ms  DeleteObjects: 0,327768 ms)

AssetImportParameters requested are different than current active one (requested -> active):
  custom:video-decoder-ogg-theora: a1e56fd34408186e4bbccfd4996cb3dc -> 
  custom:container-muxer-webm: aa71ff27fc2769a1b78a27578f13a17b -> 
  custom:container-demuxer-webm: 4f35f7cbe854078d1ac9338744f61a02 -> 
  custom:video-encoder-webm-vp8: eb34c28f22e8b96e1ab97ce403110664 -> 
  custom:CustomObjectIndexerAttribute: bc11b3a6c3213fcdd17b65e7da85e133 -> 
  custom:audio-encoder-webm-vorbis: bf7c407c2cedff20999df2af8eb42d56 -> 
  custom:SearchIndexIgnoredProperties: e643bd26f0fe6173181afceb89e7c659 -> 
  custom:container-demuxer-ogg: 62fdf1f143b41e24485cea50d1cbac27 -> 
  custom:video-decoder-webm-vp8: 9c59270c3fd7afecdb556c50c9e8de78 -> 
  custom:audio-decoder-ogg-vorbis: bf7c407c2cedff20999df2af8eb42d56 -> 
========================================================================
Received Import Request.
  Time since last request: 24955,233809 seconds.
  path: Assets/Prefabs/Frog.prefab
  artifactKey: Guid(295f1ac995188e246b31d8802fa98492) Importer(815301076,1909f56bfc062723c751e8b465ee728b)
Number of updated assets reloaded before import = 0
Start importing Assets/Prefabs/Frog.prefab using Guid(295f1ac995188e246b31d8802fa98492) Importer(815301076,1909f56bfc062723c751e8b465ee728b)  -> (artifact id: 'dd528cff24a06159755293aa92f8b6ec') in 0,196199 seconds 
Number of asset objects unloaded after import = 43
========================================================================
Received Prepare
Registering precompiled user dll's ...
Registered in 0,003735 seconds.
Begin MonoManager ReloadAssembly
Symbol file LoadedFromMemory is not a mono symbol file
Native extension for LinuxStandalone target not found
Refreshing native plugins compatible for Editor in 0,75 ms, found 0 plugins.
Preloading 0 native plugins for Editor in 0,00 ms.
[Package Manager] Server::EnsureServerProcessIsRunning -- launch failed, reason: Unity was launched with the -noUpm command-line argument
[Package Manager] Cannot connect to Unity Package Manager local server
Mono: successfully reloaded assembly
- Completed reload, in  2,099 seconds
Domain Reload Profiling:
	ReloadAssembly (2100ms)
		BeginReloadAssembly (198ms)
			ExecutionOrderSort (0ms)
			DisableScriptedObjects (11ms)
			BackupInstance (0ms)
			ReleaseScriptingObjects (0ms)
			CreateAndSetChildDomain (67ms)
		EndReloadAssembly (1761ms)
			LoadAssemblies (107ms)
			RebuildTransferFunctionScriptingTraits (0ms)
			SetupTypeCache (301ms)
			ReleaseScriptCaches (1ms)
			RebuildScriptCaches (72ms)
			SetupLoadedEditorAssemblies (1201ms)
				LogAssemblyErrors (0ms)
				InitializePlatformSupportModulesInManaged (11ms)
				SetLoadedEditorAssemblies (1ms)
				RefreshPlugins (1ms)
				BeforeProcessingInitializeOnLoad (94ms)
				ProcessInitializeOnLoadAttributes (774ms)
				ProcessInitializeOnLoadMethodAttributes (311ms)
				AfterProcessingInitializeOnLoad (9ms)
				EditorAssembliesLoaded (0ms)
			ExecutionOrderSort2 (0ms)
			AwakeInstancesAfterBackupRestoration (11ms)
Platform modules already initialized, skipping
Refreshing native plugins compatible for Editor in 0,77 ms, found 0 plugins.
Preloading 0 native plugins for Editor in 0,00 ms.
Unloading 2541 Unused Serialized files (Serialized files now loaded: 0)
Unloading 42 unused Assets / (92,5 KB). Loaded Objects now: 3025.
Memory consumption went from 94,3 MB to 94,2 MB.
Total: 14,728976 ms (FindLiveObjects: 0,309788 ms CreateObjectMapping: 0,245233 ms MarkObjects: 14,081564 ms  DeleteObjects: 0,090113 ms)

AssetImportParameters requested are different than current active one (requested -> active):
  custom:video-decoder-ogg-theora: a1e56fd34408186e4bbccfd4996cb3dc -> 
  custom:container-muxer-webm: aa71ff27fc2769a1b78a27578f13a17b -> 
  custom:container-demuxer-webm: 4f35f7cbe854078d1ac9338744f61a02 -> 
  custom:video-encoder-webm-vp8: eb34c28f22e8b96e1ab97ce403110664 -> 
  custom:CustomObjectIndexerAttribute: bc11b3a6c3213fcdd17b65e7da85e133 -> 
  custom:audio-encoder-webm-vorbis: bf7c407c2cedff20999df2af8eb42d56 -> 
  custom:SearchIndexIgnoredProperties: e643bd26f0fe6173181afceb89e7c659 -> 
  custom:container-demuxer-ogg: 62fdf1f143b41e24485cea50d1cbac27 -> 
  custom:video-decoder-webm-vp8: 9c59270c3fd7afecdb556c50c9e8de78 -> 
  custom:audio-decoder-ogg-vorbis: bf7c407c2cedff20999df2af8eb42d56 -> 
========================================================================
Received Import Request.
  Time since last request: 229,279554 seconds.
  path: Assets/Sunnyland/artwork/Environment/props/block-big.png
  artifactKey: Guid(5bccf13ce09bd43e39c1c3416d5de92c) Importer(815301076,1909f56bfc062723c751e8b465ee728b)
Number of updated assets reloaded before import = 0
Start importing Assets/Sunnyland/artwork/Environment/props/block-big.png using Guid(5bccf13ce09bd43e39c1c3416d5de92c) Importer(815301076,1909f56bfc062723c751e8b465ee728b)  -> (artifact id: 'd65e0418141b59dd911e1bfd02800a35') in 0,092193 seconds 
Number of asset objects unloaded after import = 3
========================================================================
Received Import Request.
  Time since last request: 0,000031 seconds.
  path: Assets/Sunnyland/artwork/Environment/props/spike-skull.png
  artifactKey: Guid(a225befe4953547da8c4133e5d585029) Importer(815301076,1909f56bfc062723c751e8b465ee728b)
Number of updated assets reloaded before import = 0
Start importing Assets/Sunnyland/artwork/Environment/props/spike-skull.png using Guid(a225befe4953547da8c4133e5d585029) Importer(815301076,1909f56bfc062723c751e8b465ee728b)  -> (artifact id: '64353e9cb2c2ca599e31f9ed4c923cfb') in 0,020162 seconds 
Number of asset objects unloaded after import = 3
========================================================================
Received Import Request.
  Time since last request: 0,000056 seconds.
  path: Assets/Sunnyland/artwork/Environment/props/door.png
  artifactKey: Guid(8a26d60fb45014bcd9bb392106f7c98b) Importer(815301076,1909f56bfc062723c751e8b465ee728b)
Number of updated assets reloaded before import = 0
Start importing Assets/Sunnyland/artwork/Environment/props/door.png using Guid(8a26d60fb45014bcd9bb392106f7c98b) Importer(815301076,1909f56bfc062723c751e8b465ee728b)  -> (artifact id: 'fa1e2e13d1dc2277e90599f32b5ff99a') in 0,019659 seconds 
Number of asset objects unloaded after import = 3
========================================================================
Received Import Request.
  Time since last request: 0,000035 seconds.
  path: Assets/Sunnyland/artwork/Environment/props/spikes.png
  artifactKey: Guid(0049772a1acaf4a49b69bb504ffe2669) Importer(815301076,1909f56bfc062723c751e8b465ee728b)
Number of updated assets reloaded before import = 0
Start importing Assets/Sunnyland/artwork/Environment/props/spikes.png using Guid(0049772a1acaf4a49b69bb504ffe2669) Importer(815301076,1909f56bfc062723c751e8b465ee728b)  -> (artifact id: 'a5a64a9581547908a9beeeb774e713fa') in 0,022180 seconds 
Number of asset objects unloaded after import = 3
========================================================================
Received Import Request.
  Time since last request: 0,000027 seconds.
  path: Assets/Sunnyland/artwork/Environment/props/bush.png
  artifactKey: Guid(ecc204495234d40f091d828790c56287) Importer(815301076,1909f56bfc062723c751e8b465ee728b)
Number of updated assets reloaded before import = 0
Start importing Assets/Sunnyland/artwork/Environment/props/bush.png using Guid(ecc204495234d40f091d828790c56287) Importer(815301076,1909f56bfc062723c751e8b465ee728b)  -> (artifact id: 'c2ac87012e3c30fe6e79b55f87d994cb') in 0,020364 seconds 
Number of asset objects unloaded after import = 3
========================================================================
Received Import Request.
  Time since last request: 0,000017 seconds.
  path: Assets/Sunnyland/artwork/Environment/props/shrooms.png
  artifactKey: Guid(f106f73fc33df4c4d9a3e8a5cb54db28) Importer(815301076,1909f56bfc062723c751e8b465ee728b)
Number of updated assets reloaded before import = 0
Start importing Assets/Sunnyland/artwork/Environment/props/shrooms.png using Guid(f106f73fc33df4c4d9a3e8a5cb54db28) Importer(815301076,1909f56bfc062723c751e8b465ee728b)  -> (artifact id: '4a03bcea55fa1c17ca99a994f51a99a7') in 0,021735 seconds 
Number of asset objects unloaded after import = 3
========================================================================
Received Import Request.
  Time since last request: 0,000044 seconds.
  path: Assets/Sunnyland/artwork/Environment/props/house.png
  artifactKey: Guid(52422ada2db954026a3ae1f1ba6b4486) Importer(815301076,1909f56bfc062723c751e8b465ee728b)
Number of updated assets reloaded before import = 0
Start importing Assets/Sunnyland/artwork/Environment/props/house.png using Guid(52422ada2db954026a3ae1f1ba6b4486) Importer(815301076,1909f56bfc062723c751e8b465ee728b)  -> (artifact id: 'bebae9863fb3305a7e93f95324cb4f88') in 0,023448 seconds 
Number of asset objects unloaded after import = 3
========================================================================
Received Import Request.
  Time since last request: 0,000028 seconds.
  path: Assets/Sunnyland/artwork/Environment/props/rock.png
  artifactKey: Guid(3604a08945c65491a9ffb90ad9a8ff57) Importer(815301076,1909f56bfc062723c751e8b465ee728b)
Number of updated assets reloaded before import = 0
Start importing Assets/Sunnyland/artwork/Environment/props/rock.png using Guid(3604a08945c65491a9ffb90ad9a8ff57) Importer(815301076,1909f56bfc062723c751e8b465ee728b)  -> (artifact id: '10b6564a2847ebac9a145c08119c3f71') in 0,020526 seconds 
Number of asset objects unloaded after import = 3
========================================================================
Received Import Request.
  Time since last request: 0,000067 seconds.
  path: Assets/Sunnyland/artwork/Environment/props/crank-up.png
  artifactKey: Guid(441a2d89600064d4d9ced045b19d0ae6) Importer(815301076,1909f56bfc062723c751e8b465ee728b)
Number of updated assets reloaded before import = 0
Start importing Assets/Sunnyland/artwork/Environment/props/crank-up.png using Guid(441a2d89600064d4d9ced045b19d0ae6) Importer(815301076,1909f56bfc062723c751e8b465ee728b)  -> (artifact id: '1dc352259c55afd045132e6cc58eccdc') in 0,026761 seconds 
Number of asset objects unloaded after import = 3
========================================================================
Received Import Request.
  Time since last request: 1,052856 seconds.
  path: Assets/Sunnyland/artwork/Environment/middle.png
  artifactKey: Guid(de41d366c687a46beb6a9acaa88c12db) Importer(815301076,1909f56bfc062723c751e8b465ee728b)
Number of updated assets reloaded before import = 0
Start importing Assets/Sunnyland/artwork/Environment/middle.png using Guid(de41d366c687a46beb6a9acaa88c12db) Importer(815301076,1909f56bfc062723c751e8b465ee728b)  -> (artifact id: '531879ba13d4ddcb4eec755acdcbf853') in 0,025965 seconds 
Number of asset objects unloaded after import = 3
========================================================================
Received Import Request.
  Time since last request: 0,000022 seconds.
  path: Assets/Sunnyland/artwork/Environment/tileset-sliced.png
  artifactKey: Guid(261212b977f594d5dbc48631a5c1295c) Importer(815301076,1909f56bfc062723c751e8b465ee728b)
Number of updated assets reloaded before import = 0
Start importing Assets/Sunnyland/artwork/Environment/tileset-sliced.png using Guid(261212b977f594d5dbc48631a5c1295c) Importer(815301076,1909f56bfc062723c751e8b465ee728b)  -> (artifact id: 'b5c973a649dd6d75429c66d4cec6ee9c') in 0,256143 seconds 
Number of asset objects unloaded after import = 130
========================================================================
Received Import Request.
  Time since last request: 0,000053 seconds.
  path: Assets/Sunnyland/artwork/Environment/tileset.png
  artifactKey: Guid(3b66e1a27c9634fe9a4746c47eeda7cc) Importer(815301076,1909f56bfc062723c751e8b465ee728b)
Number of updated assets reloaded before import = 0
Start importing Assets/Sunnyland/artwork/Environment/tileset.png using Guid(3b66e1a27c9634fe9a4746c47eeda7cc) Importer(815301076,1909f56bfc062723c751e8b465ee728b)  -> (artifact id: 'd13060c8d30f18c25751122e4d839e55') in 0,274450 seconds 
Number of asset objects unloaded after import = 130
========================================================================
Received Import Request.
  Time since last request: 1,833085 seconds.
  path: Assets/Sunnyland/artwork/Sprites/player/climb/player-climb-2.png
  artifactKey: Guid(94cffd9e5ecd3497c9831ffe8ae1605c) Importer(815301076,1909f56bfc062723c751e8b465ee728b)
Number of updated assets reloaded before import = 0
Start importing Assets/Sunnyland/artwork/Sprites/player/climb/player-climb-2.png using Guid(94cffd9e5ecd3497c9831ffe8ae1605c) Importer(815301076,1909f56bfc062723c751e8b465ee728b)  -> (artifact id: 'dd0c741305ef2aa1851b932d6b47cd2a') in 0,019347 seconds 
Number of asset objects unloaded after import = 3
========================================================================
Received Import Request.
  Time since last request: 0,000025 seconds.
  path: Assets/Sunnyland/artwork/Sprites/player/climb/player-climb-3.png
  artifactKey: Guid(eb5b673fa31e44bc9b15d686c24009da) Importer(815301076,1909f56bfc062723c751e8b465ee728b)
Number of updated assets reloaded before import = 0
Start importing Assets/Sunnyland/artwork/Sprites/player/climb/player-climb-3.png using Guid(eb5b673fa31e44bc9b15d686c24009da) Importer(815301076,1909f56bfc062723c751e8b465ee728b)  -> (artifact id: '55798fdc7b7558ccf5cc45330fb5d32a') in 0,022328 seconds 
Number of asset objects unloaded after import = 3
========================================================================
Received Import Request.
  Time since last request: 25,488705 seconds.
  path: Assets/Sunnyland/artwork/Sprites/player/run/player-run-2.png
  artifactKey: Guid(d094cf6ac3d8a4d0bbbef5d6d6ad3eed) Importer(815301076,1909f56bfc062723c751e8b465ee728b)
Number of updated assets reloaded before import = 0
Start importing Assets/Sunnyland/artwork/Sprites/player/run/player-run-2.png using Guid(d094cf6ac3d8a4d0bbbef5d6d6ad3eed) Importer(815301076,1909f56bfc062723c751e8b465ee728b)  -> (artifact id: '438ea244c5ea19df673c2e0fb6744e81') in 0,021290 seconds 
Number of asset objects unloaded after import = 3
========================================================================
Received Import Request.
  Time since last request: 0,000021 seconds.
  path: Assets/Sunnyland/artwork/Sprites/player/run/player-run-5.png
  artifactKey: Guid(f58cc0961cc9146ca9780a0cb1327e5d) Importer(815301076,1909f56bfc062723c751e8b465ee728b)
Number of updated assets reloaded before import = 0
Start importing Assets/Sunnyland/artwork/Sprites/player/run/player-run-5.png using Guid(f58cc0961cc9146ca9780a0cb1327e5d) Importer(815301076,1909f56bfc062723c751e8b465ee728b)  -> (artifact id: '077fe431f56bbb361fb35c70660849ed') in 0,022569 seconds 
Number of asset objects unloaded after import = 3
========================================================================
Received Import Request.
  Time since last request: 0,000027 seconds.
  path: Assets/Sunnyland/artwork/Sprites/player/run/player-run-6.png
  artifactKey: Guid(af314424f59d946469a97f398e8de53f) Importer(815301076,1909f56bfc062723c751e8b465ee728b)
Number of updated assets reloaded before import = 0
Start importing Assets/Sunnyland/artwork/Sprites/player/run/player-run-6.png using Guid(af314424f59d946469a97f398e8de53f) Importer(815301076,1909f56bfc062723c751e8b465ee728b)  -> (artifact id: 'e54975f9a14bfb7ef0c1b4c68ffe1352') in 0,021668 seconds 
Number of asset objects unloaded after import = 3
========================================================================
Received Import Request.
  Time since last request: 0,553698 seconds.
  path: Assets/Sunnyland/artwork/Sprites/player/jump/player-jump-2.png
  artifactKey: Guid(598fb1767626f42e992bb9c2769d86ea) Importer(815301076,1909f56bfc062723c751e8b465ee728b)
Number of updated assets reloaded before import = 0
Start importing Assets/Sunnyland/artwork/Sprites/player/jump/player-jump-2.png using Guid(598fb1767626f42e992bb9c2769d86ea) Importer(815301076,1909f56bfc062723c751e8b465ee728b)  -> (artifact id: '3a5e88d0941a531e4dc268e3cb47aec8') in 0,020929 seconds 
Number of asset objects unloaded after import = 3
========================================================================
Received Import Request.
  Time since last request: 1,160498 seconds.
  path: Assets/Sunnyland/artwork/Sprites/player/idle/player-idle-2.png
  artifactKey: Guid(c8a742c1f2ebb43b9afe34a47304c051) Importer(815301076,1909f56bfc062723c751e8b465ee728b)
Number of updated assets reloaded before import = 0
Start importing Assets/Sunnyland/artwork/Sprites/player/idle/player-idle-2.png using Guid(c8a742c1f2ebb43b9afe34a47304c051) Importer(815301076,1909f56bfc062723c751e8b465ee728b)  -> (artifact id: '3b70e6732407b3b2de10a13117af3b9b') in 0,022545 seconds 
Number of asset objects unloaded after import = 3
========================================================================
Received Import Request.
  Time since last request: 0,000022 seconds.
  path: Assets/Sunnyland/artwork/Sprites/player/idle/player-idle-3.png
  artifactKey: Guid(077f0469c420a4365bc67943783293df) Importer(815301076,1909f56bfc062723c751e8b465ee728b)
Number of updated assets reloaded before import = 0
Start importing Assets/Sunnyland/artwork/Sprites/player/idle/player-idle-3.png using Guid(077f0469c420a4365bc67943783293df) Importer(815301076,1909f56bfc062723c751e8b465ee728b)  -> (artifact id: '8563b9f8729b22b6f6071f81cfabcfce') in 0,023624 seconds 
Number of asset objects unloaded after import = 3
========================================================================
Received Import Request.
  Time since last request: 0,585194 seconds.
  path: Assets/Sunnyland/artwork/Sprites/player/hurt/player-hurt-2.png
  artifactKey: Guid(a85f3724632254a6cb24066dc54cbf60) Importer(815301076,1909f56bfc062723c751e8b465ee728b)
Number of updated assets reloaded before import = 0
Start importing Assets/Sunnyland/artwork/Sprites/player/hurt/player-hurt-2.png using Guid(a85f3724632254a6cb24066dc54cbf60) Importer(815301076,1909f56bfc062723c751e8b465ee728b)  -> (artifact id: '5b081e529097795a5825fb6fbef622e6') in 0,020828 seconds 
Number of asset objects unloaded after import = 3
========================================================================
Received Import Request.
  Time since last request: 0,970072 seconds.
  path: Assets/Sunnyland/artwork/Sprites/player/crouch/player-crouch-2.png
  artifactKey: Guid(448d57c5e4c694686badaba281a6adff) Importer(815301076,1909f56bfc062723c751e8b465ee728b)
Number of updated assets reloaded before import = 0
Start importing Assets/Sunnyland/artwork/Sprites/player/crouch/player-crouch-2.png using Guid(448d57c5e4c694686badaba281a6adff) Importer(815301076,1909f56bfc062723c751e8b465ee728b)  -> (artifact id: 'ed6a60b95222f5b323acd7333cfe1f79') in 0,027089 seconds 
Number of asset objects unloaded after import = 3
